Initializing jasmine.yml configuration


Started GET "/specs" for ::1 at 2016-01-08 14:47:02 -0800

Gem::LoadError (Specified 'sqlite3' for database adapter, but the gem is not loaded. Add `gem 'sqlite3'` to your Gemfile (and ensure its version is at the minimum required by ActiveRecord).):
  activerecord (4.2.5) lib/active_record/connection_adapters/connection_specification.rb:177:in `rescue in spec'
  activerecord (4.2.5) lib/active_record/connection_adapters/connection_specification.rb:174:in `spec'
  activerecord (4.2.5) lib/active_record/connection_handling.rb:50:in `establish_connection'
  activerecord (4.2.5) lib/active_record/railtie.rb:120:in `block (2 levels) in <class:Railtie>'
  activesupport (4.2.5) lib/active_support/lazy_load_hooks.rb:38:in `instance_eval'
  activesupport (4.2.5) lib/active_support/lazy_load_hooks.rb:38:in `execute_hook'
  activesupport (4.2.5) lib/active_support/lazy_load_hooks.rb:45:in `block in run_load_hooks'
  activesupport (4.2.5) lib/active_support/lazy_load_hooks.rb:44:in `each'
  activesupport (4.2.5) lib/active_support/lazy_load_hooks.rb:44:in `run_load_hooks'
  activerecord (4.2.5) lib/active_record/base.rb:315:in `<module:ActiveRecord>'
  activerecord (4.2.5) lib/active_record/base.rb:26:in `<top (required)>'
  activerecord (4.2.5) lib/active_record/migration.rb:383:in `connection'
  activerecord (4.2.5) lib/active_record/migration.rb:370:in `call'
  actionpack (4.2.5) lib/action_dispatch/middleware/callbacks.rb:29:in `block in call'
  activesupport (4.2.5) lib/active_support/callbacks.rb:88:in `__run_callbacks__'
  activesupport (4.2.5) lib/active_support/callbacks.rb:778:in `_run_call_callbacks'
  activesupport (4.2.5) lib/active_support/callbacks.rb:81:in `run_callbacks'
  actionpack (4.2.5) lib/action_dispatch/middleware/callbacks.rb:27:in `call'
  actionpack (4.2.5) lib/action_dispatch/middleware/reloader.rb:73:in `call'
  actionpack (4.2.5) lib/action_dispatch/middleware/remote_ip.rb:78:in `call'
  actionpack (4.2.5) lib/action_dispatch/middleware/debug_exceptions.rb:17:in `call'
  actionpack (4.2.5) lib/action_dispatch/middleware/show_exceptions.rb:30:in `call'
  railties (4.2.5) lib/rails/rack/logger.rb:38:in `call_app'
  railties (4.2.5) lib/rails/rack/logger.rb:20:in `block in call'
  activesupport (4.2.5) lib/active_support/tagged_logging.rb:68:in `block in tagged'
  activesupport (4.2.5) lib/active_support/tagged_logging.rb:26:in `tagged'
  activesupport (4.2.5) lib/active_support/tagged_logging.rb:68:in `tagged'
  railties (4.2.5) lib/rails/rack/logger.rb:20:in `call'
  actionpack (4.2.5) lib/action_dispatch/middleware/request_id.rb:21:in `call'
  rack (1.6.4) lib/rack/methodoverride.rb:22:in `call'
  rack (1.6.4) lib/rack/runtime.rb:18:in `call'
  activesupport (4.2.5) lib/active_support/cache/strategy/local_cache_middleware.rb:28:in `call'
  rack (1.6.4) lib/rack/lock.rb:17:in `call'
  actionpack (4.2.5) lib/action_dispatch/middleware/static.rb:116:in `call'
  rack (1.6.4) lib/rack/sendfile.rb:113:in `call'
  railties (4.2.5) lib/rails/engine.rb:518:in `call'
  railties (4.2.5) lib/rails/application.rb:165:in `call'
  rack (1.6.4) lib/rack/lock.rb:17:in `call'
  rack (1.6.4) lib/rack/content_length.rb:15:in `call'
  rack (1.6.4) lib/rack/handler/webrick.rb:88:in `service'
  /Users/psdent/.rvm/rubies/ruby-2.0.0-p643/lib/ruby/2.0.0/webrick/httpserver.rb:138:in `service'
  /Users/psdent/.rvm/rubies/ruby-2.0.0-p643/lib/ruby/2.0.0/webrick/httpserver.rb:94:in `run'
  /Users/psdent/.rvm/rubies/ruby-2.0.0-p643/lib/ruby/2.0.0/webrick/server.rb:295:in `block in start_thread'


  Rendered /Users/psdent/.rvm/gems/ruby-2.0.0-p643/gems/actionpack-4.2.5/lib/action_dispatch/middleware/templates/rescues/_source.erb (2.0ms)
  Rendered /Users/psdent/.rvm/gems/ruby-2.0.0-p643/gems/actionpack-4.2.5/lib/action_dispatch/middleware/templates/rescues/_trace.html.erb (1.1ms)
  Rendered /Users/psdent/.rvm/gems/ruby-2.0.0-p643/gems/actionpack-4.2.5/lib/action_dispatch/middleware/templates/rescues/_request_and_response.html.erb (0.6ms)
  Rendered /Users/psdent/.rvm/gems/ruby-2.0.0-p643/gems/actionpack-4.2.5/lib/action_dispatch/middleware/templates/rescues/diagnostics.html.erb within rescues/layout (12.9ms)


Started GET "/specs" for ::1 at 2016-01-08 14:47:57 -0800
Processing by JasmineRails::SpecRunnerController#index as HTML
  Rendered /Users/psdent/.rvm/gems/ruby-2.0.0-p643/gems/jasmine-rails-0.12.2/app/views/jasmine_rails/spec_runner/index.html.erb within layouts/jasmine_rails/spec_runner (0.6ms)
Completed 200 OK in 421ms (Views: 420.5ms | ActiveRecord: 0.0ms)


Started GET "/assets/jasmine.self-2efc37357050a5ecb78730bba0857e3eda0221fd654560da70df3194521f7704.css?body=1" for ::1 at 2016-01-08 14:47:58 -0800


Started GET "/assets/jasmine.self-a501c5b777f1a92c4cc0fa1b53cdd914ce00c1cc5e8e5aef7c2599ef4850d33e.js?body=1" for ::1 at 2016-01-08 14:47:58 -0800


Started GET "/assets/jasmine-specs.self-01ba4719c80b6fe911b091a7c05124b64eeece964e09c058ef8f9805daca546b.css?body=1" for ::1 at 2016-01-08 14:47:58 -0800


Started GET "/assets/jasmine-html.self-1db53872d5a79408616665c6d42b7a9e0f9f14115cb6fa4e07cfcc9eaa1c2113.js?body=1" for ::1 at 2016-01-08 14:47:58 -0800


Started GET "/assets/json2.self-925947d3d711c4441a9db20f51215fbf5c119d2a3b51cadb2c9031907d8014b5.js?body=1" for ::1 at 2016-01-08 14:47:58 -0800


Started GET "/assets/jasmine-specs.self-01ba4719c80b6fe911b091a7c05124b64eeece964e09c058ef8f9805daca546b.js?body=1" for ::1 at 2016-01-08 14:47:58 -0800


Started GET "/assets/application.self-8f06a73c35179188914ab50e057157639fce1401c1cdca640ac9cec33746fc5b.js?body=1" for ::1 at 2016-01-08 14:47:58 -0800


Started GET "/assets/boot.self-fe5ee8b76bd5d2a5a1091a998a66077a457946c63c7c5bf326c97ebc3ad9dc3f.js?body=1" for ::1 at 2016-01-08 14:47:58 -0800
